# JRE version: Java(TM) SE Runtime Environment (17.0.10+11) (build 17.0.10+11-LTS-240)
# Java VM: Java HotSpot(TM) 64-Bit Server VM (17.0.10+11-LTS-240, mixed mode, sharing, tiered, compressed oops, compressed class ptrs, g1 gc, windows-amd64)
GC Precious Log:
 CPUs: 2 total, 2 available
 Memory: 10177M
 Large Page Support: Disabled
 NUMA Support: Disabled
 Compressed Oops: Enabled (Zero based)
 Heap Region Size: 2M
 Heap Min Capacity: 8M
 Heap Initial Capacity: 160M
 Heap Max Capacity: 2546M
 Pre-touch: Disabled
 Parallel Workers: 2
 Concurrent Workers: 1
 Concurrent Refinement Workers: 2
 Periodic GC: Disabled
Heap:
 garbage-first heap   total 75776K, used 45688K [0x0000000760e00000, 0x0000000800000000)
  region size 2048K, 13 young (26624K), 1 survivors (2048K)
 Metaspace       used 43652K, committed 43968K, reserved 1114112K
  class space    used 4380K, committed 4544K, reserved 1048576K
GC Heap History (20 events):
Event: 10231.726 GC heap before
{Heap before GC invocations=198 (full 0):
 garbage-first heap   total 75776K, used 62145K [0x0000000760e00000, 0x0000000800000000)
  region size 2048K, 20 young (40960K), 1 survivors (2048K)
 Metaspace       used 43648K, committed 43968K, reserved 1114112K
  class space    used 4380K, committed 4544K, reserved 1048576K
}
Event: 10231.727 GC heap after
{Heap after GC invocations=199 (full 0):
 garbage-first heap   total 75776K, used 23204K [0x0000000760e00000, 0x0000000800000000)
  region size 2048K, 1 young (2048K), 1 survivors (2048K)
 Metaspace       used 43648K, committed 43968K, reserved 1114112K
  class space    used 4380K, committed 4544K, reserved 1048576K
}
Event: 10288.720 GC heap before
{Heap before GC invocations=199 (full 0):
 garbage-first heap   total 75776K, used 62116K [0x0000000760e00000, 0x0000000800000000)
  region size 2048K, 20 young (40960K), 1 survivors (2048K)
 Metaspace       used 43652K, committed 43968K, reserved 1114112K
  class space    used 4380K, committed 4544K, reserved 1048576K
}
Event: 10288.721 GC heap after
{Heap after GC invocations=200 (full 0):
 garbage-first heap   total 75776K, used 23238K [0x0000000760e00000, 0x0000000800000000)
  region size 2048K, 1 young (2048K), 1 survivors (2048K)
 Metaspace       used 43652K, committed 43968K, reserved 1114112K
  class space    used 4380K, committed 4544K, reserved 1048576K
}
Event: 10345.400 GC heap before
{Heap before GC invocations=200 (full 0):
 garbage-first heap   total 75776K, used 62150K [0x0000000760e00000, 0x0000000800000000)
  region size 2048K, 20 young (40960K), 1 survivors (2048K)
 Metaspace       used 43652K, committed 43968K, reserved 1114112K
  class space    used 4380K, committed 4544K, reserved 1048576K
}
Event: 10345.401 GC heap after
{Heap after GC invocations=201 (full 0):
 garbage-first heap   total 75776K, used 23140K [0x0000000760e00000, 0x0000000800000000)
  region size 2048K, 1 young (2048K), 1 survivors (2048K)
 Metaspace       used 43652K, committed 43968K, reserved 1114112K
  class space    used 4380K, committed 4544K, reserved 1048576K
}
Event: 10402.683 GC heap before
{Heap before GC invocations=201 (full 0):
 garbage-first heap   total 75776K, used 62052K [0x0000000760e00000, 0x0000000800000000)
  region size 2048K, 20 young (40960K), 1 survivors (2048K)
 Metaspace       used 43652K, committed 43968K, reserved 1114112K
  class space    used 4380K, committed 4544K, reserved 1048576K
}
Event: 10402.684 GC heap after
{Heap after GC invocations=202 (full 0):
 garbage-first heap   total 75776K, used 23168K [0x0000000760e00000, 0x0000000800000000)
  region size 2048K, 1 young (2048K), 1 survivors (2048K)
 Metaspace       used 43652K, committed 43968K, reserved 1114112K
  class space    used 4380K, committed 4544K, reserved 1048576K
}
Event: 10456.749 GC heap before
{Heap before GC invocations=202 (full 0):
 garbage-first heap   total 75776K, used 62080K [0x0000000760e00000, 0x0000000800000000)
  region size 2048K, 20 young (40960K), 1 survivors (2048K)
 Metaspace       used 43652K, committed 43968K, reserved 1114112K
  class space    used 4380K, committed 4544K, reserved 1048576K
}
Event: 10456.750 GC heap after
{Heap after GC invocations=203 (full 0):
 garbage-first heap   total 75776K, used 23140K [0x0000000760e00000, 0x0000000800000000)
  region size 2048K, 1 young (2048K), 1 survivors (2048K)
 Metaspace       used 43652K, committed 43968K, reserved 1114112K
  class space    used 4380K, committed 4544K, reserved 1048576K
}
Event: 10516.692 GC heap before
{Heap before GC invocations=203 (full 0):
 garbage-first heap   total 75776K, used 62052K [0x0000000760e00000, 0x0000000800000000)
  region size 2048K, 20 young (40960K), 1 survivors (2048K)
 Metaspace       used 43652K, committed 43968K, reserved 1114112K
  class space    used 4380K, committed 4544K, reserved 1048576K
}
Event: 10516.692 GC heap after
{Heap after GC invocations=204 (full 0):
 garbage-first heap   total 75776K, used 23163K [0x0000000760e00000, 0x0000000800000000)
  region size 2048K, 1 young (2048K), 1 survivors (2048K)
 Metaspace       used 43652K, committed 43968K, reserved 1114112K
  class space    used 4380K, committed 4544K, reserved 1048576K
}
Event: 10569.798 GC heap before
{Heap before GC invocations=204 (full 0):
 garbage-first heap   total 75776K, used 62075K [0x0000000760e00000, 0x0000000800000000)
  region size 2048K, 20 young (40960K), 1 survivors (2048K)
 Metaspace       used 43652K, committed 43968K, reserved 1114112K
  class space    used 4380K, committed 4544K, reserved 1048576K
}
Event: 10569.799 GC heap after
{Heap after GC invocations=205 (full 0):
 garbage-first heap   total 75776K, used 23245K [0x0000000760e00000, 0x0000000800000000)
  region size 2048K, 1 young (2048K), 1 survivors (2048K)
 Metaspace       used 43652K, committed 43968K, reserved 1114112K
  class space    used 4380K, committed 4544K, reserved 1048576K
}
Event: 10627.713 GC heap before
{Heap before GC invocations=205 (full 0):
 garbage-first heap   total 75776K, used 62157K [0x0000000760e00000, 0x0000000800000000)
  region size 2048K, 20 young (40960K), 1 survivors (2048K)
 Metaspace       used 43652K, committed 43968K, reserved 1114112K
  class space    used 4380K, committed 4544K, reserved 1048576K
}
Event: 10627.714 GC heap after
{Heap after GC invocations=206 (full 0):
 garbage-first heap   total 75776K, used 23310K [0x0000000760e00000, 0x0000000800000000)
  region size 2048K, 1 young (2048K), 1 survivors (2048K)
 Metaspace       used 43652K, committed 43968K, reserved 1114112K
  class space    used 4380K, committed 4544K, reserved 1048576K
}
Event: 10685.178 GC heap before
{Heap before GC invocations=206 (full 0):
 garbage-first heap   total 75776K, used 62222K [0x0000000760e00000, 0x0000000800000000)
  region size 2048K, 20 young (40960K), 1 survivors (2048K)
 Metaspace       used 43652K, committed 43968K, reserved 1114112K
  class space    used 4380K, committed 4544K, reserved 1048576K
}
Event: 10685.178 GC heap after
{Heap after GC invocations=207 (full 0):
 garbage-first heap   total 75776K, used 23193K [0x0000000760e00000, 0x0000000800000000)
  region size 2048K, 1 young (2048K), 1 survivors (2048K)
 Metaspace       used 43652K, committed 43968K, reserved 1114112K
  class space    used 4380K, committed 4544K, reserved 1048576K
}
Event: 10742.229 GC heap before
{Heap before GC invocations=207 (full 0):
 garbage-first heap   total 75776K, used 62105K [0x0000000760e00000, 0x0000000800000000)
  region size 2048K, 20 young (40960K), 1 survivors (2048K)
 Metaspace       used 43652K, committed 43968K, reserved 1114112K
  class space    used 4380K, committed 4544K, reserved 1048576K
}
Event: 10742.229 GC heap after
{Heap after GC invocations=208 (full 0):
 garbage-first heap   total 75776K, used 23160K [0x0000000760e00000, 0x0000000800000000)
  region size 2048K, 1 young (2048K), 1 survivors (2048K)
 Metaspace       used 43652K, committed 43968K, reserved 1114112K
  class space    used 4380K, committed 4544K, reserved 1048576K
}

